<?xml version="1.0" encoding="UTF-8"?>
<coverage generated="1770408926541" clover="3.2.0">
  <project timestamp="1770408926541" name="All files">
    <metrics statements="23" coveredstatements="23" conditionals="13" coveredconditionals="13" methods="11" coveredmethods="11" elements="47" coveredelements="47" complexity="0" loc="23" ncloc="23" packages="1" files="2" classes="2"/>
    <file name="constants.ts" path="C:/Users/krist/OneDrive/namskeid_hr/V26/VIHU/Assignment2/VIHU-Assignment-2/src/constants.ts">
      <metrics statements="7" coveredstatements="7" conditionals="2" coveredconditionals="2" methods="1" coveredmethods="1"/>
      <line num="1" count="1" type="cond" truecount="2" falsecount="0"/>
      <line num="2" count="1" type="stmt"/>
      <line num="3" count="1" type="stmt"/>
      <line num="4" count="1" type="stmt"/>
      <line num="5" count="1" type="stmt"/>
      <line num="6" count="1" type="stmt"/>
      <line num="7" count="1" type="stmt"/>
    </file>
    <file name="dateUtils.ts" path="C:/Users/krist/OneDrive/namskeid_hr/V26/VIHU/Assignment2/VIHU-Assignment-2/src/dateUtils.ts">
      <metrics statements="16" coveredstatements="16" conditionals="11" coveredconditionals="11" methods="10" coveredmethods="10"/>
      <line num="5" count="1" type="stmt"/>
      <line num="9" count="10" type="cond" truecount="4" falsecount="0"/>
      <line num="10" count="3" type="stmt"/>
      <line num="12" count="7" type="cond" truecount="4" falsecount="0"/>
      <line num="13" count="1" type="stmt"/>
      <line num="15" count="6" type="stmt"/>
      <line num="19" count="4" type="cond" truecount="2" falsecount="0"/>
      <line num="20" count="1" type="stmt"/>
      <line num="22" count="3" type="stmt"/>
      <line num="26" count="2" type="stmt"/>
      <line num="30" count="7" type="stmt"/>
      <line num="35" count="3" type="stmt"/>
      <line num="36" count="3" type="stmt"/>
      <line num="37" count="3" type="stmt"/>
      <line num="47" count="2" type="stmt"/>
      <line num="48" count="5" type="stmt"/>
    </file>
  </project>
</coverage>
